<?xml version="1.0" encoding="UTF-8" ?>
<testsuite tests="20" failures="0" name="TestSuite" time="4.543" errors="0" skipped="0">
  <properties>
    <property name="DISPLAY" value=":0"/>
    <property name="file.encoding.pkg" value="sun.io"/>
    <property name="CLUTTER_IM_MODULE" value="xim"/>
    <property name="java.home" value="/usr/lib/jvm/java-8-oracle/jre"/>
    <property name="LOGNAME" value="bridglabz"/>
    <property name="VTE_VERSION" value="5401"/>
    <property name="NODE_NAME" value="master"/>
    <property name="PWD" value="/home/bridglabz/Jenkins"/>
    <property name="JENKINS_URL" value="http://localhost:8080/"/>
    <property name="sun.font.fontmanager" value="sun.awt.X11FontManager"/>
    <property name="GDMSESSION" value="ubuntu"/>
    <property name="java.endorsed.dirs" value="/usr/lib/jvm/java-8-oracle/jre/lib/endorsed"/>
    <property name="sun.os.patch.level" value="unknown"/>
    <property name="java.vendor.url" value="http://java.oracle.com/"/>
    <property name="GPG_AGENT_INFO" value="/run/user/1001/gnupg/S.gpg-agent:0:1"/>
    <property name="java.version" value="1.8.0_201"/>
    <property name="JOB_NAME" value="LoginApplicationTest"/>
    <property name="java.vendor.url.bug" value="http://bugreport.sun.com/bugreport/"/>
    <property name="XDG_DATA_DIRS" value="/usr/share/ubuntu:/usr/local/share:/usr/share:/var/lib/snapd/desktop"/>
    <property name="user.name" value="bridglabz"/>
    <property name="sun.io.unicode.encoding" value="UnicodeLittle"/>
    <property name="XDG_RUNTIME_DIR" value="/run/user/1001"/>
    <property name="sun.jnu.encoding" value="UTF-8"/>
    <property name="java.runtime.name" value="Java(TM) SE Runtime Environment"/>
    <property name="XDG_SESSION_DESKTOP" value="ubuntu"/>
    <property name="java.specification.name" value="Java Platform API Specification"/>
    <property name="RUN_CHANGES_DISPLAY_URL" value="http://localhost:8080/job/LoginApplicationTest/3/display/redirect?page=changes"/>
    <property name="user.timezone" value="Asia/Kolkata"/>
    <property name="path.separator" value=":"/>
    <property name="BUILD_TAG" value="jenkins-LoginApplicationTest-3"/>
    <property name="TERM" value="xterm-256color"/>
    <property name="GTK_MODULES" value="gail:atk-bridge"/>
    <property name="MANDATORY_PATH" value="/usr/share/gconf/ubuntu.mandatory.path"/>
    <property name="file.encoding" value="UTF-8"/>
    <property name="PATH" value="/usr/local/sbin:/usr/local/bin:/usr/sbin:/usr/bin:/sbin:/bin:/usr/games:/usr/local/games:/snap/bin:/usr/lib/jvm/java-8-oracle/bin:/usr/lib/jvm/java-8-oracle/db/bin:/usr/lib/jvm/java-8-oracle/jre/bin"/>
    <property name="QT_ACCESSIBILITY" value="1"/>
    <property name="DESKTOP_SESSION" value="ubuntu"/>
    <property name="sun.java.command" value="jenkins.maven3.agent.Maven35Main /home/bridglabz/.jenkins/tools/hudson.tasks.Maven_MavenInstallation/TestMaven /home/bridglabz/.jenkins/war/WEB-INF/lib/remoting-3.36.jar /home/bridglabz/.jenkins/plugins/maven-plugin/WEB-INF/lib/maven35-interceptor-1.13.jar /home/bridglabz/.jenkins/plugins/maven-plugin/WEB-INF/lib/maven3-interceptor-commons-1.13.jar 39231"/>
    <property name="HUDSON_URL" value="http://localhost:8080/"/>
    <property name="XDG_CONFIG_DIRS" value="/etc/xdg/xdg-ubuntu:/etc/xdg"/>
    <property name="JENKINS_SERVER_COOKIE" value="3415159167d21807"/>
    <property name="EXECUTOR_NUMBER" value="0"/>
    <property name="XDG_SESSION_TYPE" value="x11"/>
    <property name="J2REDIR" value="/usr/lib/jvm/java-8-oracle/jre"/>
    <property name="java.io.tmpdir" value="/tmp"/>
    <property name="user.language" value="en"/>
    <property name="line.separator" value="
"/>
    <property name="COLORTERM" value="truecolor"/>
    <property name="BUILD_URL" value="http://localhost:8080/job/LoginApplicationTest/3/"/>
    <property name="SSH_AGENT_PID" value="5655"/>
    <property name="SHLVL" value="1"/>
    <property name="M2_HOME" value="/home/bridglabz/.jenkins/tools/hudson.tasks.Maven_MavenInstallation/TestMaven"/>
    <property name="USER" value="bridglabz"/>
    <property name="java.vm.info" value="mixed mode"/>
    <property name="sun.desktop" value="gnome"/>
    <property name="java.vm.specification.name" value="Java Virtual Machine Specification"/>
    <property name="BUILD_DISPLAY_NAME" value="#3"/>
    <property name="WINDOWPATH" value="2"/>
    <property name="guice.disable.misplaced.annotation.check" value="true"/>
    <property name="GJS_DEBUG_OUTPUT" value="stderr"/>
    <property name="HUDSON_SERVER_COOKIE" value="3415159167d21807"/>
    <property name="MAVEN_HOME" value="/home/bridglabz/.jenkins/tools/hudson.tasks.Maven_MavenInstallation/TestMaven"/>
    <property name="GNOME_TERMINAL_SERVICE" value=":1.799"/>
    <property name="java.awt.printerjob" value="sun.print.PSPrinterJob"/>
    <property name="SESSION_MANAGER" value="local/admin-desktop:@/tmp/.ICE-unix/5478,unix/admin-desktop:/tmp/.ICE-unix/5478"/>
    <property name="DEFAULTS_PATH" value="/usr/share/gconf/ubuntu.default.path"/>
    <property name="maven3.interceptor.common" value="/home/bridglabz/.jenkins/plugins/maven-plugin/WEB-INF/lib/maven3-interceptor-commons-1.13.jar"/>
    <property name="CLASSPATH" value=""/>
    <property name="GNOME_DESKTOP_SESSION_ID" value="this-is-deprecated"/>
    <property name="XAUTHORITY" value="/run/user/1001/gdm/Xauthority"/>
    <property name="LESSCLOSE" value="/usr/bin/lesspipe %s %s"/>
    <property name="XDG_MENU_PREFIX" value="gnome-"/>
    <property name="XDG_CURRENT_DESKTOP" value="ubuntu:GNOME"/>
    <property name="os.name" value="Linux"/>
    <property name="java.specification.vendor" value="Oracle Corporation"/>
    <property name="java.vm.name" value="Java HotSpot(TM) 64-Bit Server VM"/>
    <property name="BUILD_NUMBER" value="3"/>
    <property name="maven3.interceptor" value="/home/bridglabz/.jenkins/plugins/maven-plugin/WEB-INF/lib/maven35-interceptor-1.13.jar"/>
    <property name="java.library.path" value="/usr/java/packages/lib/amd64:/usr/lib64:/lib64:/lib:/usr/lib"/>
    <property name="GJS_DEBUG_TOPICS" value="JS ERROR;JS LOG"/>
    <property name="DERBY_HOME" value="/usr/lib/jvm/java-8-oracle/db"/>
    <property name="QT_IM_MODULE" value="xim"/>
    <property name="POM_GROUPID" value="WebAppTest"/>
    <property name="POM_ARTIFACTID" value="com.bridgelabz"/>
    <property name="java.class.version" value="52.0"/>
    <property name="DBUS_SESSION_BUS_ADDRESS" value="unix:path=/run/user/1001/bus"/>
    <property name="JOB_URL" value="http://localhost:8080/job/LoginApplicationTest/"/>
    <property name="RUN_DISPLAY_URL" value="http://localhost:8080/job/LoginApplicationTest/3/display/redirect"/>
    <property name="GNOME_SHELL_SESSION_MODE" value="ubuntu"/>
    <property name="JENKINS_HOME" value="/home/bridglabz/.jenkins"/>
    <property name="BUILD_ID" value="3"/>
    <property name="sun.boot.library.path" value="/usr/lib/jvm/java-8-oracle/jre/lib/amd64"/>
    <property name="sun.management.compiler" value="HotSpot 64-Bit Tiered Compilers"/>
    <property name="java.awt.graphicsenv" value="sun.awt.X11GraphicsEnvironment"/>
    <property name="POM_VERSION" value="0.0.1-SNAPSHOT"/>
    <property name="GTK_IM_MODULE" value="ibus"/>
    <property name="HUDSON_HOME" value="/home/bridglabz/.jenkins"/>
    <property name="PATH+MAVEN" value="/home/bridglabz/.jenkins/tools/hudson.tasks.Maven_MavenInstallation/TestMaven/bin"/>
    <property name="OLDPWD" value="/home/bridglabz"/>
    <property name="java.vm.specification.version" value="1.8"/>
    <property name="JAVA_HOME" value="/usr/lib/jvm/java-8-oracle"/>
    <property name="SHELL" value="/bin/bash"/>
    <property name="awt.toolkit" value="sun.awt.X11.XToolkit"/>
    <property name="NODE_LABELS" value="master"/>
    <property name="sun.cpu.isalist" value=""/>
    <property name="JOB_DISPLAY_URL" value="http://localhost:8080/job/LoginApplicationTest/display/redirect"/>
    <property name="securerandom.source" value="file:/dev/./urandom"/>
    <property name="java.ext.dirs" value="/usr/lib/jvm/java-8-oracle/jre/lib/ext:/usr/java/packages/lib/ext"/>
    <property name="os.version" value="4.18.0-25-generic"/>
    <property name="user.home" value="/home/bridglabz"/>
    <property name="USERNAME" value="bridglabz"/>
    <property name="_" value="/usr/bin/java"/>
    <property name="java.vm.vendor" value="Oracle Corporation"/>
    <property name="IM_CONFIG_PHASE" value="2"/>
    <property name="user.dir" value="/home/bridglabz/Selenium/WebAppTest"/>
    <property name="maven.conf" value="/home/bridglabz/.jenkins/tools/hudson.tasks.Maven_MavenInstallation/TestMaven/conf"/>
    <property name="XDG_VTNR" value="2"/>
    <property name="sun.cpu.endian" value="little"/>
    <property name="java.vm.version" value="25.201-b09"/>
    <property name="java.class.path" value="/home/bridglabz/.jenkins/plugins/maven-plugin/WEB-INF/lib/maven35-agent-1.13.jar:/home/bridglabz/.jenkins/tools/hudson.tasks.Maven_MavenInstallation/TestMaven/boot/plexus-classworlds-2.6.0.jar:/home/bridglabz/.jenkins/tools/hudson.tasks.Maven_MavenInstallation/TestMaven/conf/logging"/>
    <property name="org.slf4j.simpleLogger.defaultLogLevel" value="info"/>
    <property name="XDG_SEAT" value="seat0"/>
    <property name="os.arch" value="amd64"/>
    <property name="WORKSPACE" value="/home/bridglabz/.jenkins/workspace/LoginApplicationTest"/>
    <property name="sun.java.launcher" value="SUN_STANDARD"/>
    <property name="LANG" value="en_IN"/>
    <property name="LESSOPEN" value="| /usr/bin/lesspipe %s"/>
    <property name="java.vm.specification.vendor" value="Oracle Corporation"/>
    <property name="file.separator" value="/"/>
    <property name="LANGUAGE" value="en_IN:en"/>
    <property name="J2SDKDIR" value="/usr/lib/jvm/java-8-oracle"/>
    <property name="java.runtime.version" value="1.8.0_201-b09"/>
    <property name="XDG_SESSION_ID" value="8"/>
    <property name="sun.boot.class.path" value="/usr/lib/jvm/java-8-oracle/jre/lib/resources.jar:/usr/lib/jvm/java-8-oracle/jre/lib/rt.jar:/usr/lib/jvm/java-8-oracle/jre/lib/sunrsasign.jar:/usr/lib/jvm/java-8-oracle/jre/lib/jsse.jar:/usr/lib/jvm/java-8-oracle/jre/lib/jce.jar:/usr/lib/jvm/java-8-oracle/jre/lib/charsets.jar:/usr/lib/jvm/java-8-oracle/jre/lib/jfr.jar:/usr/lib/jvm/java-8-oracle/jre/classes"/>
    <property name="QT4_IM_MODULE" value="xim"/>
    <property name="user.country" value="IN"/>
    <property name="POM_PACKAGING" value="jar"/>
    <property name="maven.home" value="/home/bridglabz/.jenkins/tools/hudson.tasks.Maven_MavenInstallation/TestMaven"/>
    <property name="JOB_BASE_NAME" value="LoginApplicationTest"/>
    <property name="XMODIFIERS" value="@im=ibus"/>
    <property name="GNOME_TERMINAL_SCREEN" value="/org/gnome/Terminal/screen/c2433bdf_0139_481c_9e5e_ad6af271fb6e"/>
    <property name="HOME" value="/home/bridglabz"/>
    <property name="java.vendor" value="Oracle Corporation"/>
    <property name="SSH_AUTH_SOCK" value="/run/user/1001/keyring/ssh"/>
    <property name="LS_COLORS" value="rs=0:di=01;34:ln=01;36:mh=00:pi=40;33:so=01;35:do=01;35:bd=40;33;01:cd=40;33;01:or=40;31;01:mi=00:su=37;41:sg=30;43:ca=30;41:tw=30;42:ow=34;42:st=37;44:ex=01;32:*.tar=01;31:*.tgz=01;31:*.arc=01;31:*.arj=01;31:*.taz=01;31:*.lha=01;31:*.lz4=01;31:*.lzh=01;31:*.lzma=01;31:*.tlz=01;31:*.txz=01;31:*.tzo=01;31:*.t7z=01;31:*.zip=01;31:*.z=01;31:*.Z=01;31:*.dz=01;31:*.gz=01;31:*.lrz=01;31:*.lz=01;31:*.lzo=01;31:*.xz=01;31:*.zst=01;31:*.tzst=01;31:*.bz2=01;31:*.bz=01;31:*.tbz=01;31:*.tbz2=01;31:*.tz=01;31:*.deb=01;31:*.rpm=01;31:*.jar=01;31:*.war=01;31:*.ear=01;31:*.sar=01;31:*.rar=01;31:*.alz=01;31:*.ace=01;31:*.zoo=01;31:*.cpio=01;31:*.7z=01;31:*.rz=01;31:*.cab=01;31:*.wim=01;31:*.swm=01;31:*.dwm=01;31:*.esd=01;31:*.jpg=01;35:*.jpeg=01;35:*.mjpg=01;35:*.mjpeg=01;35:*.gif=01;35:*.bmp=01;35:*.pbm=01;35:*.pgm=01;35:*.ppm=01;35:*.tga=01;35:*.xbm=01;35:*.xpm=01;35:*.tif=01;35:*.tiff=01;35:*.png=01;35:*.svg=01;35:*.svgz=01;35:*.mng=01;35:*.pcx=01;35:*.mov=01;35:*.mpg=01;35:*.mpeg=01;35:*.m2v=01;35:*.mkv=01;35:*.webm=01;35:*.ogm=01;35:*.mp4=01;35:*.m4v=01;35:*.mp4v=01;35:*.vob=01;35:*.qt=01;35:*.nuv=01;35:*.wmv=01;35:*.asf=01;35:*.rm=01;35:*.rmvb=01;35:*.flc=01;35:*.avi=01;35:*.fli=01;35:*.flv=01;35:*.gl=01;35:*.dl=01;35:*.xcf=01;35:*.xwd=01;35:*.yuv=01;35:*.cgm=01;35:*.emf=01;35:*.ogv=01;35:*.ogx=01;35:*.aac=00;36:*.au=00;36:*.flac=00;36:*.m4a=00;36:*.mid=00;36:*.midi=00;36:*.mka=00;36:*.mp3=00;36:*.mpc=00;36:*.ogg=00;36:*.ra=00;36:*.wav=00;36:*.oga=00;36:*.opus=00;36:*.spx=00;36:*.xspf=00;36:"/>
    <property name="POM_DISPLAYNAME" value="com.bridgelabz"/>
    <property name="java.specification.version" value="1.8"/>
    <property name="sun.arch.data.model" value="64"/>
  </properties>
  <testcase classname="com.bridgelabz.qa.testcases.IndexPageTest" name="indexPageTitleTest" time="0.01"/>
  <testcase classname="com.bridgelabz.qa.testcases.IndexPageTest" name="loginLinkTest" time="0.098"/>
  <testcase classname="com.bridgelabz.qa.testcases.IndexPageTest" name="registerLinkTest" time="0.091"/>
  <testcase classname="com.bridgelabz.qa.testcases.LoginPageTest" name="loginBtnTest" time="0.241"/>
  <testcase classname="com.bridgelabz.qa.testcases.LoginPageTest" name="loginPageTitleTest" time="0.003"/>
  <testcase classname="com.bridgelabz.qa.testcases.LoginPageTest" name="loginTest" time="0.245"/>
  <testcase classname="com.bridgelabz.qa.testcases.LoginPageTest" name="loginTest" time="0.236"/>
  <testcase classname="com.bridgelabz.qa.testcases.LoginPageTest" name="forgottPasswordTest" time="0.102"/>
  <testcase classname="com.bridgelabz.qa.testcases.ResetPasswordPageTest" name="resetPasswordPageTitleTest" time="0.003"/>
  <testcase classname="com.bridgelabz.qa.testcases.ResetPasswordPageTest" name="submitTest" time="0.216"/>
  <testcase classname="com.bridgelabz.qa.testcases.RegisterPageTest" name="loginPageTitleTest" time="0.011"/>
  <testcase classname="com.bridgelabz.qa.testcases.RegisterPageTest" name="submitTest" time="0.583"/>
  <testcase classname="com.bridgelabz.qa.testcases.RegisterPageTest" name="submitTest" time="0.65"/>
  <testcase classname="com.bridgelabz.qa.testcases.WelcomePageTest" name="welcomePageTitleTest" time="0.006"/>
  <testcase classname="com.bridgelabz.qa.testcases.WelcomePageTest" name="UsernameLableTest" time="0.088"/>
  <testcase classname="com.bridgelabz.qa.testcases.WelcomePageTest" name="videoLinkTest" time="1.391"/>
  <testcase classname="com.bridgelabz.qa.testcases.WelcomePageTest" name="websiteLinkTest" time="0.098"/>
  <testcase classname="com.bridgelabz.qa.testcases.WelcomePageTest" name="logoutTest" time="0.088"/>
  <testcase classname="com.bridgelabz.qa.testcases.ForgottPasswordPageTest" name="forgottPasswordPageTitleTest" time="0.004"/>
  <testcase classname="com.bridgelabz.qa.testcases.ForgottPasswordPageTest" name="submitTest" time="0.379"/>
</testsuite>