<?xml version="1.0" encoding="UTF-8"?>
<!-- Generated by org.testng.reporters.JUnitReportReporter -->
<testsuite skipped="0" hostname="admin-desktop" name="com.bridgelabz.qa.testcases.ResetPasswordPageTest" tests="2" failures="0" timestamp="2019-12-20T16:52:52 IST" time="3.390" errors="0">
  <testcase name="resetPasswordPageTitleTest" time="1.497" classname="com.bridgelabz.qa.testcases.ResetPasswordPageTest"/>
  <testcase name="submitTest" time="1.893" classname="com.bridgelabz.qa.testcases.ResetPasswordPageTest"/>
</testsuite> <!-- com.bridgelabz.qa.testcases.ResetPasswordPageTest -->
