<?xml version="1.0" encoding="UTF-8"?>
<!-- Generated by org.testng.reporters.JUnitReportReporter -->
<testsuite skipped="0" hostname="admin-desktop" name="com.bridgelabz.qa.testcases.LoginPageTest" tests="5" failures="0" timestamp="2019-12-20T17:46:25 IST" time="7.705" errors="0">
  <testcase name="loginPageTitleTest" time="1.634" classname="com.bridgelabz.qa.testcases.LoginPageTest"/>
  <testcase name="loginTest" time="1.710" classname="com.bridgelabz.qa.testcases.LoginPageTest"/>
  <testcase name="loginTest" time="1.752" classname="com.bridgelabz.qa.testcases.LoginPageTest"/>
  <testcase name="loginTest" time="1.382" classname="com.bridgelabz.qa.testcases.LoginPageTest"/>
  <testcase name="forgottPasswordTest" time="1.227" classname="com.bridgelabz.qa.testcases.LoginPageTest"/>
</testsuite> <!-- com.bridgelabz.qa.testcases.LoginPageTest -->
