<?xml version="1.0" encoding="UTF-8"?>
<!-- Generated by org.testng.reporters.JUnitReportReporter -->
<testsuite skipped="0" hostname="admin-desktop" name="com.bridgelabz.qa.testcases.RegisterPageTest" tests="4" failures="0" timestamp="2019-12-20T18:23:00 IST" time="6.848" errors="0">
  <testcase name="loginPageTitleTest" time="1.548" classname="com.bridgelabz.qa.testcases.RegisterPageTest"/>
  <testcase name="submitTest" time="1.721" classname="com.bridgelabz.qa.testcases.RegisterPageTest"/>
  <testcase name="submitTest" time="1.729" classname="com.bridgelabz.qa.testcases.RegisterPageTest"/>
  <testcase name="submitTest" time="1.850" classname="com.bridgelabz.qa.testcases.RegisterPageTest"/>
</testsuite> <!-- com.bridgelabz.qa.testcases.RegisterPageTest -->
