<?xml version="1.0" encoding="UTF-8"?>
<!-- Generated by org.testng.reporters.JUnitReportReporter -->
<testsuite skipped="0" hostname="admin-desktop" name="com.bridgelabz.qa.testcases.VideoPageTest" tests="2" failures="0" timestamp="2019-12-20T16:52:52 IST" time="5.684" errors="0">
  <testcase name="videoPageTitleTest" time="2.865" classname="com.bridgelabz.qa.testcases.VideoPageTest"/>
  <testcase name="logoutBtnTest" time="2.819" classname="com.bridgelabz.qa.testcases.VideoPageTest"/>
</testsuite> <!-- com.bridgelabz.qa.testcases.VideoPageTest -->
