<?xml version="1.0" encoding="UTF-8"?>
<!-- Generated by org.testng.reporters.JUnitReportReporter -->
<testsuite skipped="0" hostname="admin-desktop" name="com.bridgelabz.qa.testcases.WelcomePageTest" tests="6" failures="0" timestamp="2019-12-20T16:52:52 IST" time="18.625" errors="0">
  <testcase name="welcomePageTitleTest" time="1.571" classname="com.bridgelabz.qa.testcases.WelcomePageTest"/>
  <testcase name="UsernameLableTest" time="1.602" classname="com.bridgelabz.qa.testcases.WelcomePageTest"/>
  <testcase name="videoLinkTest" time="3.206" classname="com.bridgelabz.qa.testcases.WelcomePageTest"/>
  <testcase name="websiteLinkDisplayTestTest" time="1.733" classname="com.bridgelabz.qa.testcases.WelcomePageTest"/>
  <testcase name="websiteLinkTest" time="8.781" classname="com.bridgelabz.qa.testcases.WelcomePageTest"/>
  <testcase name="logoutTest" time="1.732" classname="com.bridgelabz.qa.testcases.WelcomePageTest"/>
</testsuite> <!-- com.bridgelabz.qa.testcases.WelcomePageTest -->
