<?xml version="1.0" encoding="UTF-8"?>
<!-- Generated by org.testng.reporters.JUnitReportReporter -->
<testsuite skipped="0" hostname="admin-desktop" name="com.bridgelabz.qa.testcases.IndexPageTest" tests="3" failures="0" timestamp="2019-12-20T16:52:52 IST" time="4.212" errors="0">
  <testcase name="indexPageTitleTest" time="1.579" classname="com.bridgelabz.qa.testcases.IndexPageTest"/>
  <testcase name="loginLinkTest" time="1.213" classname="com.bridgelabz.qa.testcases.IndexPageTest"/>
  <testcase name="registerLinkTest" time="1.420" classname="com.bridgelabz.qa.testcases.IndexPageTest"/>
</testsuite> <!-- com.bridgelabz.qa.testcases.IndexPageTest -->
