<?xml version="1.0" encoding="UTF-8"?>
<!-- Generated by org.testng.reporters.JUnitReportReporter -->
<testsuite skipped="0" hostname="admin-desktop" name="com.bridgelabz.qa.testcases.LoginPageTest" tests="5" failures="0" timestamp="2019-12-02T18:00:24 IST" time="7.201" errors="0">
  <testcase name="loginBtnTest" time="1.634" classname="com.bridgelabz.qa.testcases.LoginPageTest"/>
  <testcase name="loginPageTitleTest" time="1.066" classname="com.bridgelabz.qa.testcases.LoginPageTest"/>
  <testcase name="loginTest" time="1.881" classname="com.bridgelabz.qa.testcases.LoginPageTest"/>
  <testcase name="loginTest" time="1.244" classname="com.bridgelabz.qa.testcases.LoginPageTest"/>
  <testcase name="forgottPasswordTest" time="1.376" classname="com.bridgelabz.qa.testcases.LoginPageTest"/>
</testsuite> <!-- com.bridgelabz.qa.testcases.LoginPageTest -->
