<?xml version="1.0" encoding="UTF-8"?>
<!-- Generated by org.testng.reporters.JUnitReportReporter -->
<testsuite skipped="0" hostname="admin-desktop" name="com.bridgelabz.qa.testcases.WelcomePageTest" tests="5" failures="0" timestamp="2019-12-02T18:00:24 IST" time="13.685" errors="0">
  <testcase name="welcomePageTitleTest" time="2.540" classname="com.bridgelabz.qa.testcases.WelcomePageTest"/>
  <testcase name="UsernameLableTest" time="2.156" classname="com.bridgelabz.qa.testcases.WelcomePageTest"/>
  <testcase name="videoLinkTest" time="3.683" classname="com.bridgelabz.qa.testcases.WelcomePageTest"/>
  <testcase name="websiteLinkTest" time="1.883" classname="com.bridgelabz.qa.testcases.WelcomePageTest"/>
  <testcase name="logoutTest" time="3.423" classname="com.bridgelabz.qa.testcases.WelcomePageTest"/>
</testsuite> <!-- com.bridgelabz.qa.testcases.WelcomePageTest -->
