<?xml version="1.0" encoding="UTF-8"?>
<!-- Generated by org.testng.reporters.JUnitReportReporter -->
<testsuite skipped="0" hostname="admin-desktop" name="com.bridgelabz.qa.testcases.IndexPageTest" tests="3" failures="0" timestamp="2019-12-02T18:00:24 IST" time="5.395" errors="0">
  <testcase name="indexPageTitleTest" time="1.010" classname="com.bridgelabz.qa.testcases.IndexPageTest"/>
  <testcase name="loginLinkTest" time="1.173" classname="com.bridgelabz.qa.testcases.IndexPageTest"/>
  <testcase name="registerLinkTest" time="3.212" classname="com.bridgelabz.qa.testcases.IndexPageTest"/>
</testsuite> <!-- com.bridgelabz.qa.testcases.IndexPageTest -->
