<?xml version="1.0" encoding="UTF-8"?>
<!-- Generated by org.testng.reporters.JUnitReportReporter -->
<testsuite skipped="0" hostname="admin-desktop" name="com.bridgelabz.qa.testcases.ResetPasswordPageTest" tests="2" failures="0" timestamp="2019-12-02T18:00:24 IST" time="3.766" errors="0">
  <testcase name="resetPasswordPageTitleTest" time="1.600" classname="com.bridgelabz.qa.testcases.ResetPasswordPageTest"/>
  <testcase name="submitTest" time="2.166" classname="com.bridgelabz.qa.testcases.ResetPasswordPageTest"/>
</testsuite> <!-- com.bridgelabz.qa.testcases.ResetPasswordPageTest -->
