<?xml version="1.0" encoding="UTF-8"?>
<!-- Generated by org.testng.reporters.JUnitReportReporter -->
<testsuite skipped="0" hostname="admin-desktop" name="com.bridgelabz.qa.testcases.RegisterPageTest" tests="3" failures="0" timestamp="2019-12-02T18:00:24 IST" time="6.953" errors="0">
  <testcase name="loginPageTitleTest" time="2.209" classname="com.bridgelabz.qa.testcases.RegisterPageTest"/>
  <testcase name="submitTest" time="2.561" classname="com.bridgelabz.qa.testcases.RegisterPageTest"/>
  <testcase name="submitTest" time="2.183" classname="com.bridgelabz.qa.testcases.RegisterPageTest"/>
</testsuite> <!-- com.bridgelabz.qa.testcases.RegisterPageTest -->
