<?xml version="1.0" encoding="UTF-8"?>
<!-- Generated by org.testng.reporters.JUnitReportReporter -->
<testsuite skipped="0" hostname="admin-desktop" name="com.bridgelabz.qa.testcases.ForgottPasswordPageTest" tests="2" failures="0" timestamp="2019-12-02T18:00:24 IST" time="3.279" errors="0">
  <testcase name="forgottPasswordPageTitleTest" time="1.358" classname="com.bridgelabz.qa.testcases.ForgottPasswordPageTest"/>
  <testcase name="submitTest" time="1.921" classname="com.bridgelabz.qa.testcases.ForgottPasswordPageTest"/>
</testsuite> <!-- com.bridgelabz.qa.testcases.ForgottPasswordPageTest -->
